mode: set
github.com/tsawler/bookings-app/internal/handlers/handlers.go:33.62,38.2 1 1
github.com/tsawler/bookings-app/internal/handlers/handlers.go:41.51,46.2 1 1
github.com/tsawler/bookings-app/internal/handlers/handlers.go:49.33,51.2 1 1
github.com/tsawler/bookings-app/internal/handlers/handlers.go:54.67,56.2 1 1
github.com/tsawler/bookings-app/internal/handlers/handlers.go:59.68,63.2 1 1
github.com/tsawler/bookings-app/internal/handlers/handlers.go:66.74,69.9 2 1
github.com/tsawler/bookings-app/internal/handlers/handlers.go:69.9,73.3 3 1
github.com/tsawler/bookings-app/internal/handlers/handlers.go:75.2,76.16 2 1
github.com/tsawler/bookings-app/internal/handlers/handlers.go:76.16,80.3 3 1
github.com/tsawler/bookings-app/internal/handlers/handlers.go:81.2,99.4 10 1
github.com/tsawler/bookings-app/internal/handlers/handlers.go:103.78,105.9 2 1
github.com/tsawler/bookings-app/internal/handlers/handlers.go:105.9,109.3 3 1
github.com/tsawler/bookings-app/internal/handlers/handlers.go:110.2,111.16 2 1
github.com/tsawler/bookings-app/internal/handlers/handlers.go:111.16,115.3 3 1
github.com/tsawler/bookings-app/internal/handlers/handlers.go:142.2,143.16 2 1
github.com/tsawler/bookings-app/internal/handlers/handlers.go:143.16,147.3 3 1
github.com/tsawler/bookings-app/internal/handlers/handlers.go:149.2,171.19 10 1
github.com/tsawler/bookings-app/internal/handlers/handlers.go:171.19,180.3 5 1
github.com/tsawler/bookings-app/internal/handlers/handlers.go:182.2,183.16 2 1
github.com/tsawler/bookings-app/internal/handlers/handlers.go:183.16,187.3 3 1
github.com/tsawler/bookings-app/internal/handlers/handlers.go:189.2,200.16 4 0
github.com/tsawler/bookings-app/internal/handlers/handlers.go:200.16,204.3 3 0
github.com/tsawler/bookings-app/internal/handlers/handlers.go:207.2,241.66 8 0
github.com/tsawler/bookings-app/internal/handlers/handlers.go:245.71,247.2 1 1
github.com/tsawler/bookings-app/internal/handlers/handlers.go:250.69,252.2 1 1
github.com/tsawler/bookings-app/internal/handlers/handlers.go:255.75,257.2 1 1
github.com/tsawler/bookings-app/internal/handlers/handlers.go:260.79,263.16 2 1
github.com/tsawler/bookings-app/internal/handlers/handlers.go:263.16,267.3 3 1
github.com/tsawler/bookings-app/internal/handlers/handlers.go:269.2,276.16 5 1
github.com/tsawler/bookings-app/internal/handlers/handlers.go:276.16,280.3 3 1
github.com/tsawler/bookings-app/internal/handlers/handlers.go:281.2,282.16 2 1
github.com/tsawler/bookings-app/internal/handlers/handlers.go:282.16,286.3 3 1
github.com/tsawler/bookings-app/internal/handlers/handlers.go:288.2,289.16 2 1
github.com/tsawler/bookings-app/internal/handlers/handlers.go:289.16,292.3 2 0
github.com/tsawler/bookings-app/internal/handlers/handlers.go:294.2,294.21 1 1
github.com/tsawler/bookings-app/internal/handlers/handlers.go:294.21,299.3 3 1
github.com/tsawler/bookings-app/internal/handlers/handlers.go:301.2,313.4 5 1
github.com/tsawler/bookings-app/internal/handlers/handlers.go:325.79,329.16 2 1
github.com/tsawler/bookings-app/internal/handlers/handlers.go:329.16,341.3 5 1
github.com/tsawler/bookings-app/internal/handlers/handlers.go:342.2,352.16 8 1
github.com/tsawler/bookings-app/internal/handlers/handlers.go:352.16,363.3 5 1
github.com/tsawler/bookings-app/internal/handlers/handlers.go:364.2,376.14 5 1
github.com/tsawler/bookings-app/internal/handlers/handlers.go:380.70,382.2 1 1
github.com/tsawler/bookings-app/internal/handlers/handlers.go:385.81,387.9 2 1
github.com/tsawler/bookings-app/internal/handlers/handlers.go:387.9,392.3 4 1
github.com/tsawler/bookings-app/internal/handlers/handlers.go:394.2,406.4 9 1
github.com/tsawler/bookings-app/internal/handlers/handlers.go:410.73,414.16 3 1
github.com/tsawler/bookings-app/internal/handlers/handlers.go:414.16,418.3 3 1
github.com/tsawler/bookings-app/internal/handlers/handlers.go:420.2,423.9 3 1
github.com/tsawler/bookings-app/internal/handlers/handlers.go:423.9,427.3 3 1
github.com/tsawler/bookings-app/internal/handlers/handlers.go:429.2,433.63 3 1
github.com/tsawler/bookings-app/internal/handlers/handlers.go:437.71,445.16 6 1
github.com/tsawler/bookings-app/internal/handlers/handlers.go:445.16,448.3 2 0
github.com/tsawler/bookings-app/internal/handlers/handlers.go:449.2,450.16 2 1
github.com/tsawler/bookings-app/internal/handlers/handlers.go:450.16,453.3 2 0
github.com/tsawler/bookings-app/internal/handlers/handlers.go:455.2,458.16 3 1
github.com/tsawler/bookings-app/internal/handlers/handlers.go:458.16,462.3 3 1
github.com/tsawler/bookings-app/internal/handlers/handlers.go:463.2,470.63 6 1
github.com/tsawler/bookings-app/internal/handlers/handlers.go:474.72,478.2 1 1
github.com/tsawler/bookings-app/internal/handlers/handlers.go:481.76,485.16 3 1
github.com/tsawler/bookings-app/internal/handlers/handlers.go:485.16,487.3 1 0
github.com/tsawler/bookings-app/internal/handlers/handlers.go:489.2,495.19 6 1
github.com/tsawler/bookings-app/internal/handlers/handlers.go:495.19,500.3 2 1
github.com/tsawler/bookings-app/internal/handlers/handlers.go:502.2,504.16 2 1
github.com/tsawler/bookings-app/internal/handlers/handlers.go:504.16,510.3 4 1
github.com/tsawler/bookings-app/internal/handlers/handlers.go:512.2,514.47 3 1
github.com/tsawler/bookings-app/internal/handlers/handlers.go:518.69,523.2 3 1
github.com/tsawler/bookings-app/internal/handlers/handlers.go:525.77,527.2 1 1
github.com/tsawler/bookings-app/internal/handlers/handlers.go:530.83,533.16 2 1
github.com/tsawler/bookings-app/internal/handlers/handlers.go:533.16,536.3 2 0
github.com/tsawler/bookings-app/internal/handlers/handlers.go:538.2,543.4 3 1
github.com/tsawler/bookings-app/internal/handlers/handlers.go:547.83,549.16 2 1
github.com/tsawler/bookings-app/internal/handlers/handlers.go:549.16,552.3 2 0
github.com/tsawler/bookings-app/internal/handlers/handlers.go:554.2,559.4 3 1
github.com/tsawler/bookings-app/internal/handlers/handlers.go:562.88,567.34 2 1
github.com/tsawler/bookings-app/internal/handlers/handlers.go:567.34,571.3 3 1
github.com/tsawler/bookings-app/internal/handlers/handlers.go:573.2,603.16 23 1
github.com/tsawler/bookings-app/internal/handlers/handlers.go:603.16,606.3 2 0
github.com/tsawler/bookings-app/internal/handlers/handlers.go:608.2,610.26 2 1
github.com/tsawler/bookings-app/internal/handlers/handlers.go:610.26,615.80 3 0
github.com/tsawler/bookings-app/internal/handlers/handlers.go:615.80,618.4 2 0
github.com/tsawler/bookings-app/internal/handlers/handlers.go:621.3,622.17 2 0
github.com/tsawler/bookings-app/internal/handlers/handlers.go:622.17,625.4 2 0
github.com/tsawler/bookings-app/internal/handlers/handlers.go:627.3,627.34 1 0
github.com/tsawler/bookings-app/internal/handlers/handlers.go:627.34,629.27 1 0
github.com/tsawler/bookings-app/internal/handlers/handlers.go:629.27,631.79 1 0
github.com/tsawler/bookings-app/internal/handlers/handlers.go:631.79,633.6 1 0
github.com/tsawler/bookings-app/internal/handlers/handlers.go:634.10,637.5 1 0
github.com/tsawler/bookings-app/internal/handlers/handlers.go:639.3,647.78 3 0
github.com/tsawler/bookings-app/internal/handlers/handlers.go:650.2,654.4 1 1
github.com/tsawler/bookings-app/internal/handlers/handlers.go:658.86,663.16 4 1
github.com/tsawler/bookings-app/internal/handlers/handlers.go:663.16,666.3 2 0
github.com/tsawler/bookings-app/internal/handlers/handlers.go:668.2,673.16 4 1
github.com/tsawler/bookings-app/internal/handlers/handlers.go:673.16,675.3 1 1
github.com/tsawler/bookings-app/internal/handlers/handlers.go:675.8,677.3 1 1
github.com/tsawler/bookings-app/internal/handlers/handlers.go:681.85,686.16 4 1
github.com/tsawler/bookings-app/internal/handlers/handlers.go:686.16,689.3 2 0
github.com/tsawler/bookings-app/internal/handlers/handlers.go:691.2,696.16 4 1
github.com/tsawler/bookings-app/internal/handlers/handlers.go:696.16,698.3 1 1
github.com/tsawler/bookings-app/internal/handlers/handlers.go:698.8,700.3 1 1
github.com/tsawler/bookings-app/internal/handlers/handlers.go:704.83,708.16 3 1
github.com/tsawler/bookings-app/internal/handlers/handlers.go:708.16,711.3 2 0
github.com/tsawler/bookings-app/internal/handlers/handlers.go:713.2,726.16 9 1
github.com/tsawler/bookings-app/internal/handlers/handlers.go:726.16,729.3 2 0
github.com/tsawler/bookings-app/internal/handlers/handlers.go:731.2,739.4 4 1
github.com/tsawler/bookings-app/internal/handlers/handlers.go:742.87,745.16 2 1
github.com/tsawler/bookings-app/internal/handlers/handlers.go:745.16,749.3 3 0
github.com/tsawler/bookings-app/internal/handlers/handlers.go:751.2,753.16 3 1
github.com/tsawler/bookings-app/internal/handlers/handlers.go:753.16,756.3 2 0
github.com/tsawler/bookings-app/internal/handlers/handlers.go:758.2,765.16 5 1
github.com/tsawler/bookings-app/internal/handlers/handlers.go:765.16,768.3 2 0
github.com/tsawler/bookings-app/internal/handlers/handlers.go:770.2,776.16 6 1
github.com/tsawler/bookings-app/internal/handlers/handlers.go:776.16,779.3 2 0
github.com/tsawler/bookings-app/internal/handlers/handlers.go:781.2,786.16 4 1
github.com/tsawler/bookings-app/internal/handlers/handlers.go:786.16,788.3 1 1
github.com/tsawler/bookings-app/internal/handlers/handlers.go:788.8,790.3 1 1
github.com/tsawler/bookings-app/internal/handlers/handlers.go:794.92,796.16 2 1
github.com/tsawler/bookings-app/internal/handlers/handlers.go:796.16,799.3 2 0
github.com/tsawler/bookings-app/internal/handlers/handlers.go:801.2,806.16 4 1
github.com/tsawler/bookings-app/internal/handlers/handlers.go:806.16,809.3 2 0
github.com/tsawler/bookings-app/internal/handlers/handlers.go:811.2,813.26 2 1
github.com/tsawler/bookings-app/internal/handlers/handlers.go:813.26,818.35 2 0
github.com/tsawler/bookings-app/internal/handlers/handlers.go:818.35,820.35 1 0
github.com/tsawler/bookings-app/internal/handlers/handlers.go:820.35,823.16 1 0
github.com/tsawler/bookings-app/internal/handlers/handlers.go:823.16,824.66 1 0
github.com/tsawler/bookings-app/internal/handlers/handlers.go:824.66,827.21 2 0
github.com/tsawler/bookings-app/internal/handlers/handlers.go:827.21,829.8 1 0
github.com/tsawler/bookings-app/internal/handlers/handlers.go:837.2,837.34 1 1
github.com/tsawler/bookings-app/internal/handlers/handlers.go:837.34,838.43 1 1
github.com/tsawler/bookings-app/internal/handlers/handlers.go:838.43,845.18 5 1
github.com/tsawler/bookings-app/internal/handlers/handlers.go:845.18,847.5 1 0
github.com/tsawler/bookings-app/internal/handlers/handlers.go:851.2,852.110 2 1
